#
# There is insufficient memory for the Java Runtime Environment to continue.
# Native memory allocation (mmap) failed to map 536870912 bytes for G1 virtual space
# Possible reasons:
#   The system is out of physical RAM or swap space
#   The process is running with CompressedOops enabled, and the Java Heap may be blocking the growth of the native heap
# Possible solutions:
#   Reduce memory load on the system
#   Increase physical memory or swap space
#   Check if swap backing store is full
#   Decrease Java heap size (-Xmx/-Xms)
#   Decrease number of Java threads
#   Decrease Java thread stack sizes (-Xss)
#   Set larger code cache with -XX:ReservedCodeCacheSize=
#   JVM is running with Zero Based Compressed Oops mode in which the Java heap is
#     placed in the first 32GB address space. The Java Heap base address is the
#     maximum limit for the native heap growth. Please use -XX:HeapBaseMinAddress
#     to set the Java Heap base and to place the Java Heap above 32GB virtual address.
# This output file may be truncated or incomplete.
#
#  Out of Memory Error (os_windows.cpp:3613), pid=39632, tid=38040
#
# JRE version:  (17.0.9+9) (build )
# Java VM: OpenJDK 64-Bit Server VM (17.0.9+9, mixed mode, sharing, tiered, compressed oops, compressed class ptrs, g1 gc, windows-amd64)
# No core dump will be written. Minidumps are not enabled by default on client versions of Windows
#

---------------  S U M M A R Y ------------

Command Line: -Dcom.android.sdkmanager.toolsdir=E:\Unity\6000.0.35f1\Editor\Data\PlaybackEngines\AndroidPlayer\SDK\cmdline-tools\6.0\bin\\.. com.android.sdklib.tool.AvdManagerCli list target -c

Host: 12th Gen Intel(R) Core(TM) i5-12400F, 12 cores, 31G,  Windows 10 , 64 bit Build 19041 (10.0.19041.5072)
Time: Thu May  8 18:14:12 2025 Pakistan Standard Time elapsed time: 0.004388 seconds (0d 0h 0m 0s)

---------------  T H R E A D  ---------------

Current thread (0x000002e96edc08f0):  JavaThread "Unknown thread" [_thread_in_vm, id=38040, stack(0x000000f55af00000,0x000000f55b000000)]

Stack: [0x000000f55af00000,0x000000f55b000000]
Native frames: (J=compiled Java code, j=interpreted, Vv=VM code, C=native code)
V  [jvm.dll+0x67cf49]
V  [jvm.dll+0x83478a]
V  [jvm.dll+0x83624e]
V  [jvm.dll+0x8368b3]
V  [jvm.dll+0x247f1f]
V  [jvm.dll+0x679d69]
V  [jvm.dll+0x66e6ba]
V  [jvm.dll+0x307e5b]
V  [jvm.dll+0x30f306]
V  [jvm.dll+0x35f0ce]
V  [jvm.dll+0x35f2ff]
V  [jvm.dll+0x2dea58]
V  [jvm.dll+0x2df9c4]
V  [jvm.dll+0x806031]
V  [jvm.dll+0x36cf31]
V  [jvm.dll+0x7e4aac]
V  [jvm.dll+0x3f07af]
V  [jvm.dll+0x3f23e1]
C  [jli.dll+0x528f]
C  [ucrtbase.dll+0x21bb2]
C  [KERNEL32.DLL+0x17374]
C  [ntdll.dll+0x4cc91]


---------------  P R O C E S S  ---------------

Threads class SMR info:
_java_thread_list=0x00007ffe21d6ee98, length=0, elements={
}

Java Threads: ( => current thread )

Other Threads:
  0x000002e96ee6bbd0 GCTaskThread "GC Thread#0" [stack: 0x000000f55b000000,0x000000f55b100000] [id=30964]
  0x000002e96ee7c9b0 ConcurrentGCThread "G1 Main Marker" [stack: 0x000000f55b100000,0x000000f55b200000] [id=16984]
  0x000002e96ee7db70 ConcurrentGCThread "G1 Conc#0" [stack: 0x000000f55b200000,0x000000f55b300000] [id=9116]

[error occurred during error reporting (printing all threads), id 0xc0000005, EXCEPTION_ACCESS_VIOLATION (0xc0000005) at pc=0x00007ffe2152f497]

VM state: not at safepoint (not fully initialized)

VM Mutex/Monitor currently owned by a thread:  ([mutex/lock_event])
[0x000002e96edbbbb0] Heap_lock - owner thread: 0x000002e96edc08f0

Heap address: 0x0000000602c00000, size: 8148 MB, Compressed Oops mode: Zero based, Oop shift amount: 3

CDS archive(s) mapped at: [0x0000000000000000-0x0000000000000000-0x0000000000000000), size 0, SharedBaseAddress: 0x0000000800000000, ArchiveRelocationMode: 1.
Narrow klass base: 0x0000000000000000, Narrow klass shift: 0, Narrow klass range: 0x0

GC Precious Log:
<Empty>

Heap:
 garbage-first heap   total 0K, used 0K [0x0000000602c00000, 0x0000000800000000)
  region size 4096K, 0 young (0K), 0 survivors (0K)

[error occurred during error reporting (printing heap information), id 0xc0000005, EXCEPTION_ACCESS_VIOLATION (0xc0000005) at pc=0x00007ffe21916c79]

GC Heap History (0 events):
No events

Dll operation events (1 events):
Event: 0.003 Loaded shared library E:\Unity\6000.0.35f1\Editor\Data\PlaybackEngines\AndroidPlayer\OpenJDK\bin\java.dll

Deoptimization events (0 events):
No events

Classes unloaded (0 events):
No events

Classes redefined (0 events):
No events

Internal exceptions (0 events):
No events

VM Operations (0 events):
No events

Events (0 events):
No events


Dynamic libraries:
0x00007ff7f5e50000 - 0x00007ff7f5e5e000 	E:\Unity\6000.0.35f1\Editor\Data\PlaybackEngines\AndroidPlayer\OpenJDK\bin\java.exe
0x00007ffe54d90000 - 0x00007ffe54f88000 	C:\Windows\SYSTEM32\ntdll.dll
0x00007ffe53490000 - 0x00007ffe53552000 	C:\Windows\System32\KERNEL32.DLL
0x00007ffe52a80000 - 0x00007ffe52d7e000 	C:\Windows\System32\KERNELBASE.dll
0x00007ffe527a0000 - 0x00007ffe528a0000 	C:\Windows\System32\ucrtbase.dll
0x00007ffe3bc60000 - 0x00007ffe3bc77000 	E:\Unity\6000.0.35f1\Editor\Data\PlaybackEngines\AndroidPlayer\OpenJDK\bin\jli.dll
0x00007ffe3bc40000 - 0x00007ffe3bc5b000 	E:\Unity\6000.0.35f1\Editor\Data\PlaybackEngines\AndroidPlayer\OpenJDK\bin\VCRUNTIME140.dll
0x00007ffe532f0000 - 0x00007ffe5348d000 	C:\Windows\System32\USER32.dll
0x00007ffe52d80000 - 0x00007ffe52da2000 	C:\Windows\System32\win32u.dll
0x00007ffe54870000 - 0x00007ffe5489b000 	C:\Windows\System32\GDI32.dll
0x00007ffe3f6c0000 - 0x00007ffe3f95a000 	C:\Windows\WinSxS\amd64_microsoft.windows.common-controls_6595b64144ccf1df_6.0.19041.4355_none_60b8b9eb71f62e16\COMCTL32.dll
0x00007ffe52550000 - 0x00007ffe52667000 	C:\Windows\System32\gdi32full.dll
0x00007ffe52700000 - 0x00007ffe5279d000 	C:\Windows\System32\msvcp_win.dll
0x00007ffe53d60000 - 0x00007ffe53dfe000 	C:\Windows\System32\msvcrt.dll
0x00007ffe52e10000 - 0x00007ffe52e3f000 	C:\Windows\System32\IMM32.DLL
0x00007ffe3e010000 - 0x00007ffe3e01c000 	E:\Unity\6000.0.35f1\Editor\Data\PlaybackEngines\AndroidPlayer\OpenJDK\bin\vcruntime140_1.dll
0x00007ffe22980000 - 0x00007ffe22a0d000 	E:\Unity\6000.0.35f1\Editor\Data\PlaybackEngines\AndroidPlayer\OpenJDK\bin\msvcp140.dll
0x00007ffe21240000 - 0x00007ffe21ea1000 	E:\Unity\6000.0.35f1\Editor\Data\PlaybackEngines\AndroidPlayer\OpenJDK\bin\server\jvm.dll
0x00007ffe54420000 - 0x00007ffe544d1000 	C:\Windows\System32\ADVAPI32.dll
0x00007ffe54cb0000 - 0x00007ffe54d4f000 	C:\Windows\System32\sechost.dll
0x00007ffe53e70000 - 0x00007ffe53f93000 	C:\Windows\System32\RPCRT4.dll
0x00007ffe528a0000 - 0x00007ffe528c7000 	C:\Windows\System32\bcrypt.dll
0x00007ffe484c0000 - 0x00007ffe484c9000 	C:\Windows\SYSTEM32\WSOCK32.dll
0x00007ffe54650000 - 0x00007ffe546bb000 	C:\Windows\System32\WS2_32.dll
0x00007ffe49d80000 - 0x00007ffe49da7000 	C:\Windows\SYSTEM32\WINMM.dll
0x00007ffe521e0000 - 0x00007ffe5222b000 	C:\Windows\SYSTEM32\POWRPROF.dll
0x00007ffe4b6e0000 - 0x00007ffe4b6ea000 	C:\Windows\SYSTEM32\VERSION.dll
0x00007ffe521c0000 - 0x00007ffe521d2000 	C:\Windows\SYSTEM32\UMPDC.dll
0x00007ffe50c70000 - 0x00007ffe50c82000 	C:\Windows\SYSTEM32\kernel.appcore.dll
0x00007ffe3bee0000 - 0x00007ffe3beea000 	E:\Unity\6000.0.35f1\Editor\Data\PlaybackEngines\AndroidPlayer\OpenJDK\bin\jimage.dll
0x00007ffe50130000 - 0x00007ffe50314000 	C:\Windows\SYSTEM32\DBGHELP.DLL
0x00007ffe2fac0000 - 0x00007ffe2faf4000 	C:\Windows\SYSTEM32\dbgcore.DLL
0x00007ffe52670000 - 0x00007ffe526f2000 	C:\Windows\System32\bcryptPrimitives.dll
0x00007ffe33f10000 - 0x00007ffe33f35000 	E:\Unity\6000.0.35f1\Editor\Data\PlaybackEngines\AndroidPlayer\OpenJDK\bin\java.dll

dbghelp: loaded successfully - version: 4.0.5 - missing functions: none
symbol engine: initialized successfully - sym options: 0x614 - pdb path: .;E:\Unity\6000.0.35f1\Editor\Data\PlaybackEngines\AndroidPlayer\OpenJDK\bin;C:\Windows\SYSTEM32;C:\Windows\WinSxS\amd64_microsoft.windows.common-controls_6595b64144ccf1df_6.0.19041.4355_none_60b8b9eb71f62e16;E:\Unity\6000.0.35f1\Editor\Data\PlaybackEngines\AndroidPlayer\OpenJDK\bin\server

VM Arguments:
jvm_args: -Dcom.android.sdkmanager.toolsdir=E:\Unity\6000.0.35f1\Editor\Data\PlaybackEngines\AndroidPlayer\SDK\cmdline-tools\6.0\bin\\.. 
java_command: com.android.sdklib.tool.AvdManagerCli list target -c
java_class_path (initial): E:\Unity\6000.0.35f1\Editor\Data\PlaybackEngines\AndroidPlayer\SDK\cmdline-tools\6.0\bin\..\lib\avdmanager-classpath.jar
Launcher Type: SUN_STANDARD

[Global flags]
     intx CICompilerCount                          = 4                                         {product} {ergonomic}
     uint ConcGCThreads                            = 3                                         {product} {ergonomic}
     uint G1ConcRefinementThreads                  = 10                                        {product} {ergonomic}
   size_t G1HeapRegionSize                         = 4194304                                   {product} {ergonomic}
    uintx GCDrainStackTargetSize                   = 64                                        {product} {ergonomic}
   size_t InitialHeapSize                          = 536870912                                 {product} {ergonomic}
   size_t MarkStackSize                            = 4194304                                   {product} {ergonomic}
   size_t MaxHeapSize                              = 8543797248                                {product} {ergonomic}
   size_t MinHeapDeltaBytes                        = 4194304                                   {product} {ergonomic}
   size_t MinHeapSize                              = 8388608                                   {product} {ergonomic}
    uintx NonNMethodCodeHeapSize                   = 5839372                                {pd product} {ergonomic}
    uintx NonProfiledCodeHeapSize                  = 122909434                              {pd product} {ergonomic}
    uintx ProfiledCodeHeapSize                     = 122909434                              {pd product} {ergonomic}
    uintx ReservedCodeCacheSize                    = 251658240                              {pd product} {ergonomic}
     bool SegmentedCodeCache                       = true                                      {product} {ergonomic}
   size_t SoftMaxHeapSize                          = 8543797248                             {manageable} {ergonomic}
     bool UseCompressedClassPointers               = true                           {product lp64_product} {ergonomic}
     bool UseCompressedOops                        = true                           {product lp64_product} {ergonomic}
     bool UseG1GC                                  = true                                      {product} {ergonomic}
     bool UseLargePagesIndividualAllocation        = false                                  {pd product} {ergonomic}

Logging:
Log output configuration:
 #0: stdout all=warning uptime,level,tags
 #1: stderr all=off uptime,level,tags

Environment Variables:
JAVA_HOME=E:\Unity\6000.0.35f1\Editor\Data\PlaybackEngines\AndroidPlayer\OpenJDK
CLASSPATH=E:\Unity\6000.0.35f1\Editor\Data\PlaybackEngines\AndroidPlayer\SDK\cmdline-tools\6.0\bin\..\lib\avdmanager-classpath.jar
PATH=C:\Windows\system32;C:\Windows;C:\Windows\System32\Wbem;C:\Windows\System32\WindowsPowerShell\v1.0\;C:\Windows\System32\OpenSSH\;C:\Program Files (x86)\NVIDIA Corporation\PhysX\Common;C:\Users\Arsalan Ahmad\AppData\Local\Microsoft\WindowsApps;C:\Users\Arsalan Ahmad\AppData\Local\GitHubDesktop\bin;C:\Users\Arsalan Ahmad\AppData\Local\Programs\Git\cmd
USERNAME=Arsalan Ahmad
OS=Windows_NT
PROCESSOR_IDENTIFIER=Intel64 Family 6 Model 151 Stepping 5, GenuineIntel
TMP=C:\Users\ARSALA~1\AppData\Local\Temp
TEMP=C:\Users\ARSALA~1\AppData\Local\Temp



Periodic native trim disabled


---------------  S Y S T E M  ---------------

OS:
 Windows 10 , 64 bit Build 19041 (10.0.19041.5072)
OS uptime: 0 days 8:10 hours

CPU: total 12 (initial active 12) (6 cores per cpu, 2 threads per core) family 6 model 151 stepping 5 microcode 0x34, cx8, cmov, fxsr, ht, mmx, 3dnowpref, sse, sse2, sse3, ssse3, sse4.1, sse4.2, popcnt, lzcnt, tsc, tscinvbit, avx, avx2, aes, erms, clmul, bmi1, bmi2, adx, sha, fma, vzeroupper, clflush, clflushopt, clwb
Processor Information for all 12 processors :
  Max Mhz: 2500, Current Mhz: 2500, Mhz Limit: 2500

Memory: 4k page, system-wide physical 32581M (6403M free)
TotalPageFile size 68445M (AvailPageFile size 333M)
current process WorkingSet (physical memory assigned to process): 10M, peak: 10M
current process commit charge ("private bytes"): 64M, peak: 576M

vm_info: OpenJDK 64-Bit Server VM (17.0.9+9) for windows-amd64 JRE (17.0.9+9), built on Oct 26 2023 14:01:42 by "admin" with MS VC++ 16.10 / 16.11 (VS2019)

END.
